#
# There is insufficient memory for the Java Runtime Environment to continue.
# Native memory allocation (mmap) failed to map 268435456 bytes for G1 virtual space
# Possible reasons:
#   The system is out of physical RAM or swap space
#   The process is running with CompressedOops enabled, and the Java Heap may be blocking the growth of the native heap
# Possible solutions:
#   Reduce memory load on the system
#   Increase physical memory or swap space
#   Check if swap backing store is full
#   Decrease Java heap size (-Xmx/-Xms)
#   Decrease number of Java threads
#   Decrease Java thread stack sizes (-Xss)
#   Set larger code cache with -XX:ReservedCodeCacheSize=
#   JVM is running with Zero Based Compressed Oops mode in which the Java heap is
#     placed in the first 32GB address space. The Java Heap base address is the
#     maximum limit for the native heap growth. Please use -XX:HeapBaseMinAddress
#     to set the Java Heap base and to place the Java Heap above 32GB virtual address.
# This output file may be truncated or incomplete.
#
#  Out of Memory Error (os_windows.cpp:3536), pid=21176, tid=12368
#
# JRE version:  (19.0.2+7) (build )
# Java VM: OpenJDK 64-Bit Server VM (19.0.2+7-44, mixed mode, sharing, tiered, compressed oops, compressed class ptrs, g1 gc, windows-amd64)
# No core dump will be written. Minidumps are not enabled by default on client versions of Windows
#

---------------  S U M M A R Y ------------

Command Line: -Dcompose.application.configure.swing.globals=true -Dcompose.application.resources.dir=C:\Users\mdd20\IdeaProjects\LabOptimization\build\compose\tmp\prepareAppResources -Dfile.encoding=UTF-8 -Duser.country=RU -Duser.language=ru -Duser.variant MainKt

Host: Intel(R) Core(TM) i5-6400 CPU @ 2.70GHz, 4 cores, 15G,  Windows 10 , 64 bit Build 19041 (10.0.19041.3636)
Time: Sun Mar 17 22:50:04 2024 RTZ 6 (s 10 , 64 bit Build 19041 (10.0.19041.3636) elapsed time: 0.018375 seconds (0d 0h 0m 0s)

---------------  T H R E A D  ---------------

Current thread (0x000002604b209820):  JavaThread "Unknown thread" [_thread_in_vm, id=12368, stack(0x000000733d100000,0x000000733d200000)]

Stack: [0x000000733d100000,0x000000733d200000]
Native frames: (J=compiled Java code, j=interpreted, Vv=VM code, C=native code)
V  [jvm.dll+0x6ee21a]
V  [jvm.dll+0x85765e]
V  [jvm.dll+0x85904e]
V  [jvm.dll+0x859703]
V  [jvm.dll+0x28298f]
V  [jvm.dll+0x6eb009]
V  [jvm.dll+0x6dfbaa]
V  [jvm.dll+0x3573f6]
V  [jvm.dll+0x35ee56]
V  [jvm.dll+0x3b541e]
V  [jvm.dll+0x3b564f]
V  [jvm.dll+0x32c9ea]
V  [jvm.dll+0x32d89e]
V  [jvm.dll+0x821780]
V  [jvm.dll+0x3c2661]
V  [jvm.dll+0x801f51]
V  [jvm.dll+0x44ae8f]
V  [jvm.dll+0x44c811]
C  [jli.dll+0x5287]
C  [ucrtbase.dll+0x21bb2]
C  [KERNEL32.DLL+0x17344]
C  [ntdll.dll+0x526b1]


---------------  P R O C E S S  ---------------

Threads class SMR info:
_java_thread_list=0x00007ffad93ad048, length=0, elements={
}

Java Threads: ( => current thread )

Other Threads:
  0x000002604b2783a0 WorkerThread "GC Thread#0" [stack: 0x000000733d200000,0x000000733d300000] [id=7776]
  0x000002604b2893b0 ConcurrentGCThread "G1 Main Marker" [stack: 0x000000733d300000,0x000000733d400000] [id=9256]
  0x000002604b28c5a0 WorkerThread "G1 Conc#0" [stack: 0x000000733d400000,0x000000733d500000] [id=17556]

[error occurred during error reporting (printing all threads), id 0xc0000005, EXCEPTION_ACCESS_VIOLATION (0xc0000005) at pc=0x00007ffad8b6d427]

VM state: not at safepoint (not fully initialized)

VM Mutex/Monitor currently owned by a thread:  ([mutex/lock_event])
[0x000002604b205590] Heap_lock - owner thread: 0x000002604b209820

Heap address: 0x0000000700e00000, size: 4082 MB, Compressed Oops mode: Zero based, Oop shift amount: 3

CDS archive(s) mapped at: [0x0000000000000000-0x0000000000000000-0x0000000000000000), size 0, SharedBaseAddress: 0x0000000800000000, ArchiveRelocationMode: 0.
Narrow klass base: 0x0000000000000000, Narrow klass shift: 0, Narrow klass range: 0x0

GC Precious Log:
 CardTable entry size: 512
 Card Set container configuration: InlinePtr #cards 4 size 8 Array Of Cards #cards 16 size 48 Howl #buckets 8 coarsen threshold 3686 Howl Bitmap #cards 512 size 80 coarsen threshold 460 Card regions per heap region 1 cards per card region 4096

Heap:
 garbage-first heap   total 0K, used 0K [0x0000000700e00000, 0x0000000800000000)
  region size 2048K, 0 young (0K), 0 survivors (0K)

[error occurred during error reporting (printing heap information), id 0xc0000005, EXCEPTION_ACCESS_VIOLATION (0xc0000005) at pc=0x00007ffad8f76649]

GC Heap History (0 events):
No events

Dll operation events (1 events):
Event: 0.006 Loaded shared library C:\Users\mdd20\.jdks\openjdk-19.0.2\bin\java.dll

Deoptimization events (0 events):
No events

Classes loaded (0 events):
No events

Classes unloaded (0 events):
No events

Classes redefined (0 events):
No events

Internal exceptions (0 events):
No events

VM Operations (0 events):
No events

Events (0 events):
No events


Dynamic libraries:
0x00007ff670820000 - 0x00007ff67082e000 	C:\Users\mdd20\.jdks\openjdk-19.0.2\bin\java.exe
0x00007ffb18570000 - 0x00007ffb18768000 	C:\Windows\SYSTEM32\ntdll.dll
0x00007ffb180e0000 - 0x00007ffb1819d000 	C:\Windows\System32\KERNEL32.DLL
0x00007ffb15d70000 - 0x00007ffb16066000 	C:\Windows\System32\KERNELBASE.dll
0x00007ffb16250000 - 0x00007ffb16350000 	C:\Windows\System32\ucrtbase.dll
0x00007ffb0dc50000 - 0x00007ffb0dc67000 	C:\Users\mdd20\.jdks\openjdk-19.0.2\bin\jli.dll
0x00007ffaf23c0000 - 0x00007ffaf23db000 	C:\Users\mdd20\.jdks\openjdk-19.0.2\bin\VCRUNTIME140.dll
0x00007ffaff000000 - 0x00007ffaff29a000 	C:\Windows\WinSxS\amd64_microsoft.windows.common-controls_6595b64144ccf1df_6.0.19041.3636_none_60b6a03d71f818d5\COMCTL32.dll
0x00007ffb17e70000 - 0x00007ffb17f0e000 	C:\Windows\System32\msvcrt.dll
0x00007ffb175b0000 - 0x00007ffb1774e000 	C:\Windows\System32\USER32.dll
0x00007ffb17370000 - 0x00007ffb1739b000 	C:\Windows\System32\GDI32.dll
0x00007ffb164b0000 - 0x00007ffb164d2000 	C:\Windows\System32\win32u.dll
0x00007ffb160c0000 - 0x00007ffb161d7000 	C:\Windows\System32\gdi32full.dll
0x00007ffb164e0000 - 0x00007ffb1657d000 	C:\Windows\System32\msvcp_win.dll
0x00007ffb17d20000 - 0x00007ffb17d52000 	C:\Windows\System32\IMM32.DLL
0x00007ffb118a0000 - 0x00007ffb118ac000 	C:\Users\mdd20\.jdks\openjdk-19.0.2\bin\vcruntime140_1.dll
0x00007ffaf1d50000 - 0x00007ffaf1dde000 	C:\Users\mdd20\.jdks\openjdk-19.0.2\bin\msvcp140.dll
0x00007ffad8830000 - 0x00007ffad94f0000 	C:\Users\mdd20\.jdks\openjdk-19.0.2\bin\server\jvm.dll
0x00007ffb181a0000 - 0x00007ffb18253000 	C:\Windows\System32\ADVAPI32.dll
0x00007ffb18040000 - 0x00007ffb180df000 	C:\Windows\System32\sechost.dll
0x00007ffb17f10000 - 0x00007ffb18036000 	C:\Windows\System32\RPCRT4.dll
0x00007ffb16580000 - 0x00007ffb165a7000 	C:\Windows\System32\bcrypt.dll
0x00007ffaf8cf0000 - 0x00007ffaf8cf9000 	C:\Windows\SYSTEM32\WSOCK32.dll
0x00007ffb03930000 - 0x00007ffb03957000 	C:\Windows\SYSTEM32\WINMM.dll
0x00007ffb18310000 - 0x00007ffb1837b000 	C:\Windows\System32\WS2_32.dll
0x00007ffb0f0d0000 - 0x00007ffb0f0da000 	C:\Windows\SYSTEM32\VERSION.dll
0x00007ffb13b00000 - 0x00007ffb13b12000 	C:\Windows\SYSTEM32\kernel.appcore.dll
0x00007ffb117d0000 - 0x00007ffb117da000 	C:\Users\mdd20\.jdks\openjdk-19.0.2\bin\jimage.dll
0x00007ffb022d0000 - 0x00007ffb024b4000 	C:\Windows\SYSTEM32\DBGHELP.DLL
0x00007ffaf3ae0000 - 0x00007ffaf3b14000 	C:\Windows\SYSTEM32\dbgcore.DLL
0x00007ffb15ce0000 - 0x00007ffb15d62000 	C:\Windows\System32\bcryptPrimitives.dll
0x00007ffaf1d20000 - 0x00007ffaf1d46000 	C:\Users\mdd20\.jdks\openjdk-19.0.2\bin\java.dll

dbghelp: loaded successfully - version: 4.0.5 - missing functions: none
symbol engine: initialized successfully - sym options: 0x614 - pdb path: .;C:\Users\mdd20\.jdks\openjdk-19.0.2\bin;C:\Windows\SYSTEM32;C:\Windows\WinSxS\amd64_microsoft.windows.common-controls_6595b64144ccf1df_6.0.19041.3636_none_60b6a03d71f818d5;C:\Users\mdd20\.jdks\openjdk-19.0.2\bin\server

VM Arguments:
jvm_args: -Dcompose.application.configure.swing.globals=true -Dcompose.application.resources.dir=C:\Users\mdd20\IdeaProjects\LabOptimization\build\compose\tmp\prepareAppResources -Dfile.encoding=UTF-8 -Duser.country=RU -Duser.language=ru -Duser.variant 
java_command: MainKt
java_class_path (initial): C:\Users\mdd20\IdeaProjects\LabOptimization\build\libs\LabOptimization-1.0-SNAPSHOT.jar;C:\Users\mdd20\.gradle\caches\modules-2\files-2.1\org.jetbrains.compose.desktop\desktop-jvm\1.5.10\3b461ec5c3f11ec2a6b169f6c7290415f7b60bf3\desktop-jvm-1.5.10.jar;C:\Users\mdd20\.gradle\caches\modules-2\files-2.1\org.jetbrains.skiko\skiko-awt-runtime-windows-x64\0.7.85\359a4cf81005e4671c2d04afaecf75641ecf7cfb\skiko-awt-runtime-windows-x64-0.7.85.jar;C:\Users\mdd20\.gradle\caches\modules-2\files-2.1\org.jetbrains.compose.material\material-desktop\1.5.10\ca0d754ede3fce975a8df534828a1753642bc87e\material-desktop-1.5.10.jar;C:\Users\mdd20\.gradle\caches\modules-2\files-2.1\org.jetbrains.compose.material\material-ripple-desktop\1.5.10\494966d7ed5d7143b7e67f10077f8f20ab9fa1ec\material-ripple-desktop-1.5.10.jar;C:\Users\mdd20\.gradle\caches\modules-2\files-2.1\org.jetbrains.compose.foundation\foundation-desktop\1.5.10\8ed7fbae30be5411f111572ee7a5929622606152\foundation-desktop-1.5.10.jar;C:\Users\mdd20\.gradle\caches\modules-2\files-2.1\org.jetbrains.compose.animation\animation-desktop\1.5.10\f1cbe23da9ecb37aa6b2b3e57b223327227b910a\animation-desktop-1.5.10.jar;C:\Users\mdd20\.gradle\caches\modules-2\files-2.1\org.jetbrains.compose.foundation\foundation-layout-desktop\1.5.10\df30b80d1cc669e37290284ee3f27f27c3658e9f\foundation-layout-desktop-1.5.10.jar;C:\Users\mdd20\.gradle\caches\modules-2\files-2.1\org.jetbrains.compose.animation\animation-core-desktop\1.5.10\c9cbe3824dd25e0152e9298574d24ec9ac61d016\animation-core-desktop-1.5.10.jar;C:\Users\mdd20\.gradle\caches\modules-2\files-2.1\org.jetbrains.compose.material\material-icons-core-desktop\1.5.10\82faf5401b15358511cb941fd1306433ae12be77\material-icons-core-desktop-1.5.10.jar;C:\Users\mdd20\.gradle\caches\modules-2\files-2.1\org.jetbrains.compose.ui\ui-desktop\1.5.10\22fe2fbeb2c34870a5fb9c655228db97ee14cae1\ui-desktop-1.5.10.jar;C:\Users\mdd20\.gradle\caches\modules-2\files-2.1\org.jetbrains.compose.ui\ui-text-desktop\1.5.10\44519ce6b5b12b70308746ed4351664fdf428322\ui-text-desktop-1.5.10.jar;C:\Users\mdd20\.gradle\caches\modules-2\files-2.1\org.jetbrains.compose.ui\ui-graphics-desktop\1.5.10\694e3a460d5fc15245b2502ae4025113f132abb2\ui-graphics-desktop-1.5.10.jar;C:\Users\mdd20\.gradle\caches\modules-2\files-2.1\org.jetbrains.skiko\skiko-awt\0.7.85\5a075e668201ada2d5e39b0b27453c3991dbfe9d\skiko-awt-0.7.85.jar;C:\Users\mdd20\.gradle\caches\modules-2\files-2.1\org.jetbrains.compose.ui\ui-tooling-preview-desktop\1.5.10\16e8e3a0dd0d52b5e4877a54bc345668ba23428d\ui-tooling-preview-desktop-1.5.10.jar;C:\Users\mdd20\.gradle\caches\modules-2\files-2.1\org.jetbrains.compose.runtime\runtime-saveable-desktop\1.5.10\7afa940f340c1432bf95466463cdc00baa6e63eb\runtime-saveable-desktop-1.5.10.jar;C:\Users\mdd20\.gradle\caches\modules-2\files-2.1\org.jetbrains.compose.ui\ui-unit-desktop\1.5.10\ce79e803d4f0b33631c958f64ff36a7010580d16\ui-unit-desktop-1.5.10.jar;C:\Users\mdd20\.gradle\caches\modules-2\files-2.1\org.jetbrains.compose.ui\ui-geometry-desktop\1.5.10\81ea1ab414ba9926972708e9f4ca7ac499cd9137\ui-geometry-desktop-1.5.10.jar;C:\Users\mdd20\.gradle\caches\modules-2\files-2.1\org.jetbrains.compose.runtime\runtime-desktop\1.5.10\b73456ee05b2ed483fbcf4796a5ccc871577f430\runtime-desktop-1.5.10.jar;C:\Users\mdd20\.gradle\caches\modules-2\files-2.1\org.jetbrains.kotlinx\kotlinx-coroutines-core-jvm\1.7.3\2b09627576f0989a436a00a4a54b55fa5026fb86\kotlinx-coroutines-core-jvm-1.7.3.jar;C:\Users\mdd20\.gradle\caches\modules-2\files-2.1\org.jetbrains.compose.ui\ui-util-desktop\1.5.10\b6cef817ffe7a8b7bba1ef34ded701f287cebf9\ui-util-desktop-1.5.10.jar;C:\Users\mdd20\.gradle\caches\modules-2\files-2.1\org.jetbrains.kotlinx\atomicfu-jvm\0.17.0\d3d2e380b6ee28231118101d09ae6dd06a1db1cb\atomicfu-jvm-0.17.0.jar;C:\Users\mdd20\.gradle\caches\modules-2\files-2.1\org.jetbrains.kotlin\kotlin-stdlib-jdk8\1.8.21\67f57e154437cd9e6e9cf368394b95814836ff88\kotlin-stdlib-jdk8-1.8.21.jar;C:\Users\mdd20\.gradle\caches\modules-2\files-2.1\org.jetbrains.kotlin\kotlin-stdlib-jdk7\1.8.21\7473b8cd3c0ef9932345baf569bc398e8a717046\kotlin-stdlib-jdk7-1.8.21.jar;C:\Users\mdd20\.gradle\caches\modules-2\files-2.1\org.jetbrains.kotlin\kotlin-stdlib\1.9.20\e58b4816ac517e9cc5df1db051120c63d4cde669\kotlin-stdlib-1.9.20.jar;C:\Users\mdd20\.gradle\caches\modules-2\files-2.1\org.jetbrains\annotations\23.0.0\8cc20c07506ec18e0834947b84a864bfc094484e\annotations-23.0.0.jar
Launcher Type: SUN_STANDARD

[Global flags]
     intx CICompilerCount                          = 3                                         {product} {ergonomic}
     uint ConcGCThreads                            = 1                                         {product} {ergonomic}
     uint G1ConcRefinementThreads                  = 4                                         {product} {ergonomic}
   size_t G1HeapRegionSize                         = 2097152                                   {product} {ergonomic}
    uintx GCDrainStackTargetSize                   = 64                                        {product} {ergonomic}
   size_t InitialHeapSize                          = 268435456                                 {product} {ergonomic}
   size_t MarkStackSize                            = 4194304                                   {product} {ergonomic}
   size_t MaxHeapSize                              = 4280287232                                {product} {ergonomic}
   size_t MinHeapDeltaBytes                        = 2097152                                   {product} {ergonomic}
   size_t MinHeapSize                              = 8388608                                   {product} {ergonomic}
    uintx NonNMethodCodeHeapSize                   = 5832780                                {pd product} {ergonomic}
    uintx NonProfiledCodeHeapSize                  = 122912730                              {pd product} {ergonomic}
    uintx ProfiledCodeHeapSize                     = 122912730                              {pd product} {ergonomic}
    uintx ReservedCodeCacheSize                    = 251658240                              {pd product} {ergonomic}
     bool SegmentedCodeCache                       = true                                      {product} {ergonomic}
   size_t SoftMaxHeapSize                          = 4280287232                             {manageable} {ergonomic}
     bool UseCompressedClassPointers               = true                           {product lp64_product} {ergonomic}
     bool UseCompressedOops                        = true                           {product lp64_product} {ergonomic}
     bool UseG1GC                                  = true                                      {product} {ergonomic}
     bool UseLargePagesIndividualAllocation        = false                                  {pd product} {ergonomic}

Logging:
Log output configuration:
 #0: stdout all=warning uptime,level,tags foldmultilines=false
 #1: stderr all=off uptime,level,tags foldmultilines=false

Environment Variables:
PATH=C:\Program Files (x86)\Common Files\Oracle\Java\javapath;C:\Program Files\Microsoft\jdk-11.0.12.7-hotspot\bin;c:\users\mdd20\gcc\bin;c:\users\mdd20\gcc\libexec\gcc\i686-pc-mingw32\12.2.0;C:\Program Files (x86)\Intel\oneAPI\tbb\latest\redist\intel64\vc_mt\;C:\Program Files (x86)\Intel\oneAPI\tbb\latest\redist\ia32\vc_mt\;C:\Program Files (x86)\Embarcadero\Studio\21.0\bin;C:\Users\Public\Documents\Embarcadero\Studio\21.0\Bpl;C:\Program Files (x86)\Embarcadero\Studio\21.0\bin64;C:\Users\Public\Documents\Embarcadero\Studio\21.0\Bpl\Win64;C:\Program Files (x86)\Embarcadero\Studio\22.0\bin;C:\Users\Public\Documents\Embarcadero\Studio\22.0\Bpl;C:\Program Files (x86)\Embarcadero\Studio\22.0\bin64;C:\Users\Public\Documents\Embarcadero\Studio\22.0\Bpl\Win64;C:\Windows\system32;C:\Windows;C:\Windows\System32\Wbem;C:\Windows\System32\WindowsPowerShell\v1.0\;C:\Windows\System32\OpenSSH\;C:\Program Files\Microsoft SQL Server\150\Tools\Binn\;C:\Program Files\Microsoft SQL Server\Client SDK\ODBC\170\Tools\Binn\;C:\Program Files\dotnet\;C:\Program Files (x86)\\FastReport VCL RAD\Bin;C:\Program Files\NVIDIA Corporation\NVIDIA NvDLISR;C:\Program Files (x86)\NVIDIA Corporation\PhysX\Common;C:\Program Files\Java\jdk-19\bin;C:\Program Files\Git\cmd;C:\Program Files\PuTTY\;C:\Program Files\nodejs\;C:\Users\mdd20\AppData\Local\Programs\Python\Python37\Scripts\;C:\Users\mdd20\AppData\Local\Programs\Python\Python37\;C:\Program Files\MySQL\MySQL Shell 8.0\bin\;C:\Users\mdd20\AppData\Local\Microsoft\WindowsApps;C:\Users\mdd20\.dotnet\tools;C:\Users\mdd20\AppData\Local\Programs\Microsoft VS Code\bin;C:\Users\mdd20\AppData\Roaming\npm;C:\Program Files (x86)\Nmap
USERNAME=mdd20
OS=Windows_NT
PROCESSOR_IDENTIFIER=Intel64 Family 6 Model 94 Stepping 3, GenuineIntel
TMP=C:\Users\mdd20\AppData\Local\Temp
TEMP=C:\Users\mdd20\AppData\Local\Temp



---------------  S Y S T E M  ---------------

OS:
 Windows 10 , 64 bit Build 19041 (10.0.19041.3636)
OS uptime: 14 days 0:42 hours

CPU: total 4 (initial active 4) (4 cores per cpu, 1 threads per core) family 6 model 94 stepping 3 microcode 0xcc, cx8, cmov, fxsr, mmx, 3dnowpref, sse, sse2, sse3, ssse3, sse4.1, sse4.2, popcnt, lzcnt, tsc, tscinvbit, avx, avx2, aes, erms, clmul, bmi1, bmi2, adx, fma, vzeroupper, clflush, clflushopt, rdtscp

Memory: 4k page, system-wide physical 16321M (1363M free)
TotalPageFile size 28766M (AvailPageFile size 154M)
current process WorkingSet (physical memory assigned to process): 10M, peak: 10M
current process commit charge ("private bytes"): 52M, peak: 308M

vm_info: OpenJDK 64-Bit Server VM (19.0.2+7-44) for windows-amd64 JRE (19.0.2+7-44), built on 2022-11-30T18:02:09Z by "mach5one" with MS VC++ 17.1 (VS2022)

END.
